*************************************************************************************************
*************************************************************************************************
[2017-10-15 14:01:57.619115] [INFO]: ssl_payload_H->ssl_record_contentType = 22
[2017-10-15 14:01:57.619167] [INFO]: ssl_payload_H->ssl_handshake_type = 1
[2017-10-15 14:01:57.619179] [INFO]: ssl_payload_L->ssl_handshake_extensions_server_name_ind_type = 0
[2017-10-15 14:01:57.619189] [INFO]: Server: 
*************************************************************************************************
*************************************************************************************************
[2017-10-15 14:04:00.635114] [INFO]: ssl_payload_H->ssl_record_contentType = 22
[2017-10-15 14:04:00.635180] [INFO]: ssl_payload_H->ssl_handshake_type = 1
[2017-10-15 14:04:00.635196] [INFO]: ssl_payload_L->ssl_handshake_extensions_server_name_ind_type = 0
[2017-10-15 14:04:00.635209] [INFO]: Temporal Server: inbox.google.com
[2017-10-15 14:04:00.682477] [INFO]: ssl_payload_H->ssl_record_contentType = 22
[2017-10-15 14:04:00.682535] [INFO]: ssl_payload_H->ssl_handshake_type = 1
[2017-10-15 14:04:00.682550] [INFO]: ssl_payload_L->ssl_handshake_extensions_server_name_ind_type = 0
[2017-10-15 14:04:00.682562] [INFO]: Temporal Server: inbox.google.com
[2017-10-15 14:04:02.87160] [INFO]: ssl_payload_H->ssl_record_contentType = 22
[2017-10-15 14:04:02.87260] [INFO]: ssl_payload_H->ssl_handshake_type = 1
[2017-10-15 14:04:02.87272] [INFO]: ssl_payload_L->ssl_handshake_extensions_server_name_ind_type = 0
[2017-10-15 14:04:02.87282] [INFO]: Temporal Server: www.gstatic.com
[2017-10-15 14:04:02.119933] [INFO]: ssl_payload_H->ssl_record_contentType = 22
[2017-10-15 14:04:02.121202] [INFO]: ssl_payload_H->ssl_handshake_type = 1
[2017-10-15 14:04:02.121228] [INFO]: ssl_payload_L->ssl_handshake_extensions_server_name_ind_type = 0
[2017-10-15 14:04:02.121238] [INFO]: Temporal Server: ssl.gstatic.com
[2017-10-15 14:04:02.155101] [INFO]: ssl_payload_H->ssl_record_contentType = 22
[2017-10-15 14:04:02.155151] [INFO]: ssl_payload_H->ssl_handshake_type = 1
[2017-10-15 14:04:02.155159] [INFO]: ssl_payload_L->ssl_handshake_extensions_server_name_ind_type = 0
[2017-10-15 14:04:02.155165] [INFO]: Temporal Server: www.gstatic.com
[2017-10-15 14:04:02.155190] [INFO]: ssl_payload_H->ssl_record_contentType = 22
[2017-10-15 14:04:02.155197] [INFO]: ssl_payload_H->ssl_handshake_type = 1
[2017-10-15 14:04:02.155203] [INFO]: ssl_payload_L->ssl_handshake_extensions_server_name_ind_type = 0
[2017-10-15 14:04:02.155210] [INFO]: Temporal Server: www.gstatic.com
[2017-10-15 14:04:02.155221] [INFO]: ssl_payload_H->ssl_record_contentType = 22
[2017-10-15 14:04:02.155229] [INFO]: ssl_payload_H->ssl_handshake_type = 1
[2017-10-15 14:04:02.155235] [INFO]: ssl_payload_L->ssl_handshake_extensions_server_name_ind_type = 0
[2017-10-15 14:04:02.155241] [INFO]: Temporal Server: www.gstatic.com
[2017-10-15 14:04:02.155250] [INFO]: ssl_payload_H->ssl_record_contentType = 22
[2017-10-15 14:04:02.155256] [INFO]: ssl_payload_H->ssl_handshake_type = 1
[2017-10-15 14:04:02.155263] [INFO]: ssl_payload_L->ssl_handshake_extensions_server_name_ind_type = 0
[2017-10-15 14:04:02.155272] [INFO]: Temporal Server: ssl.gstatic.com
[2017-10-15 14:04:02.155287] [INFO]: ssl_payload_H->ssl_record_contentType = 22
[2017-10-15 14:04:02.155299] [INFO]: ssl_payload_H->ssl_handshake_type = 1
[2017-10-15 14:04:02.155311] [INFO]: ssl_payload_L->ssl_handshake_extensions_server_name_ind_type = 0
[2017-10-15 14:04:02.155321] [INFO]: Temporal Server: www.gstatic.com
[2017-10-15 14:04:02.155335] [INFO]: ssl_payload_H->ssl_record_contentType = 22
[2017-10-15 14:04:02.155347] [INFO]: ssl_payload_H->ssl_handshake_type = 1
[2017-10-15 14:04:02.155356] [INFO]: ssl_payload_L->ssl_handshake_extensions_server_name_ind_type = 0
[2017-10-15 14:04:02.155367] [INFO]: Temporal Server: ssl.gstatic.com
[2017-10-15 14:04:02.155382] [INFO]: ssl_payload_H->ssl_record_contentType = 22
[2017-10-15 14:04:02.155394] [INFO]: ssl_payload_H->ssl_handshake_type = 1
[2017-10-15 14:04:02.155420] [INFO]: ssl_payload_L->ssl_handshake_extensions_server_name_ind_type = 0
[2017-10-15 14:04:02.155431] [INFO]: Temporal Server: ssl.gstatic.com
[2017-10-15 14:04:02.155446] [INFO]: ssl_payload_H->ssl_record_contentType = 22
[2017-10-15 14:04:02.155455] [INFO]: ssl_payload_H->ssl_handshake_type = 1
[2017-10-15 14:04:02.155464] [INFO]: ssl_payload_L->ssl_handshake_extensions_server_name_ind_type = 0
[2017-10-15 14:04:02.155473] [INFO]: Temporal Server: ssl.gstatic.com
[2017-10-15 14:04:02.155485] [INFO]: ssl_payload_H->ssl_record_contentType = 22
[2017-10-15 14:04:02.155494] [INFO]: ssl_payload_H->ssl_handshake_type = 1
[2017-10-15 14:04:02.155503] [INFO]: ssl_payload_L->ssl_handshake_extensions_server_name_ind_type = 0
[2017-10-15 14:04:02.155512] [INFO]: Temporal Server: ssl.gstatic.com
[2017-10-15 14:04:02.479101] [INFO]: ssl_payload_H->ssl_record_contentType = 22
[2017-10-15 14:04:02.479154] [INFO]: ssl_payload_H->ssl_handshake_type = 1
[2017-10-15 14:04:02.479166] [INFO]: ssl_payload_L->ssl_handshake_extensions_server_name_ind_type = 0
[2017-10-15 14:04:02.479175] [INFO]: Temporal Server: lh3.googleusercontent.com
[2017-10-15 14:04:04.683189] [INFO]: ssl_payload_H->ssl_record_contentType = 22
[2017-10-15 14:04:04.683372] [INFO]: ssl_payload_H->ssl_handshake_type = 1
[2017-10-15 14:04:04.683405] [INFO]: ssl_payload_L->ssl_handshake_extensions_server_name_ind_type = 0
[2017-10-15 14:04:04.683419] [INFO]: Temporal Server: inbox.google.com
[2017-10-15 14:04:04.699166] [INFO]: ssl_payload_H->ssl_record_contentType = 22
[2017-10-15 14:04:04.699324] [INFO]: ssl_payload_H->ssl_handshake_type = 1
[2017-10-15 14:04:04.699357] [INFO]: ssl_payload_L->ssl_handshake_extensions_server_name_ind_type = 0
[2017-10-15 14:04:04.699376] [INFO]: Temporal Server: clients5.google.com
[2017-10-15 14:04:04.735823] [INFO]: ssl_payload_H->ssl_record_contentType = 22
[2017-10-15 14:04:04.735876] [INFO]: ssl_payload_H->ssl_handshake_type = 1
[2017-10-15 14:04:04.735890] [INFO]: ssl_payload_L->ssl_handshake_extensions_server_name_ind_type = 0
[2017-10-15 14:04:04.735899] [INFO]: Temporal Server: clients5.google.com
[2017-10-15 14:04:04.735926] [INFO]: ssl_payload_H->ssl_record_contentType = 22
[2017-10-15 14:04:04.735936] [INFO]: ssl_payload_H->ssl_handshake_type = 1
[2017-10-15 14:04:04.735946] [INFO]: ssl_payload_L->ssl_handshake_extensions_server_name_ind_type = 0
[2017-10-15 14:04:04.735954] [INFO]: Temporal Server: 
[2017-10-15 14:04:05.827120] [INFO]: ssl_payload_H->ssl_record_contentType = 22
[2017-10-15 14:04:05.827183] [INFO]: ssl_payload_H->ssl_handshake_type = 1
[2017-10-15 14:04:05.827196] [INFO]: ssl_payload_L->ssl_handshake_extensions_server_name_ind_type = 0
[2017-10-15 14:04:05.827205] [INFO]: Temporal Server: clients6.google.com
[2017-10-15 14:04:05.857459] [INFO]: ssl_payload_H->ssl_record_contentType = 22
[2017-10-15 14:04:05.857513] [INFO]: ssl_payload_H->ssl_handshake_type = 1
[2017-10-15 14:04:05.857527] [INFO]: ssl_payload_L->ssl_handshake_extensions_server_name_ind_type = 0
[2017-10-15 14:04:05.857538] [INFO]: Temporal Server: clients6.google.com
[2017-10-15 14:04:07.95098] [INFO]: ssl_payload_H->ssl_record_contentType = 22
[2017-10-15 14:04:07.95158] [INFO]: ssl_payload_H->ssl_handshake_type = 1
[2017-10-15 14:04:07.95174] [INFO]: ssl_payload_L->ssl_handshake_extensions_server_name_ind_type = 0
[2017-10-15 14:04:07.95184] [INFO]: Temporal Server: hangouts.google.com
[2017-10-15 14:04:07.99123] [INFO]: ssl_payload_H->ssl_record_contentType = 22
[2017-10-15 14:04:07.99624] [INFO]: ssl_payload_H->ssl_handshake_type = 1
[2017-10-15 14:04:07.99645] [INFO]: ssl_payload_L->ssl_handshake_extensions_server_name_ind_type = 0
[2017-10-15 14:04:07.99655] [INFO]: Temporal Server: hangouts.google.com
[2017-10-15 14:04:09.363108] [INFO]: ssl_payload_H->ssl_record_contentType = 22
[2017-10-15 14:04:09.363161] [INFO]: ssl_payload_H->ssl_handshake_type = 1
[2017-10-15 14:04:09.363175] [INFO]: ssl_payload_L->ssl_handshake_extensions_server_name_ind_type = 0
[2017-10-15 14:04:09.363184] [INFO]: Temporal Server: people-pa.clients6.google.com
[2017-10-15 14:04:09.385809] [INFO]: ssl_payload_H->ssl_record_contentType = 22
[2017-10-15 14:04:09.385863] [INFO]: ssl_payload_H->ssl_handshake_type = 1
[2017-10-15 14:04:09.385877] [INFO]: ssl_payload_L->ssl_handshake_extensions_server_name_ind_type = 0
[2017-10-15 14:04:09.385887] [INFO]: Temporal Server: people-pa.clients6.google.com
[2017-10-15 14:04:10.123110] [INFO]: ssl_payload_H->ssl_record_contentType = 22
[2017-10-15 14:04:10.123167] [INFO]: ssl_payload_H->ssl_handshake_type = 1
[2017-10-15 14:04:10.123186] [INFO]: ssl_payload_L->ssl_handshake_extensions_server_name_ind_type = 0
[2017-10-15 14:04:10.123197] [INFO]: Temporal Server: 0.client-channel.google.com
[2017-10-15 14:04:10.134011] [INFO]: ssl_payload_H->ssl_record_contentType = 22
[2017-10-15 14:04:10.134073] [INFO]: ssl_payload_H->ssl_handshake_type = 1
[2017-10-15 14:04:10.134084] [INFO]: ssl_payload_L->ssl_handshake_extensions_server_name_ind_type = 0
[2017-10-15 14:04:10.134093] [INFO]: Temporal Server: 0.client-channel.google.com
*************************************************************************************************
*************************************************************************************************
[2017-10-15 14:07:33.99108] [INFO]: ssl_payload_H->ssl_record_contentType = 22
[2017-10-15 14:07:33.99176] [INFO]: ssl_payload_H->ssl_handshake_type = 1
[2017-10-15 14:07:33.99195] [INFO]: ssl_payload_L->ssl_handshake_extensions_server_name_ind_type = 0
[2017-10-15 14:07:33.99204] [INFO]: Temporal Server: clients1.google.com
[2017-10-15 14:07:51.827142] [INFO]: ssl_payload_H->ssl_record_contentType = 22
[2017-10-15 14:07:51.827215] [INFO]: ssl_payload_H->ssl_handshake_type = 1
[2017-10-15 14:07:51.827232] [INFO]: ssl_payload_L->ssl_handshake_extensions_server_name_ind_type = 0
[2017-10-15 14:07:51.827245] [INFO]: Temporal Server: clients5.google.com
[2017-10-15 14:08:16.531199] [INFO]: ssl_payload_H->ssl_record_contentType = 22
[2017-10-15 14:08:16.531293] [INFO]: ssl_payload_H->ssl_handshake_type = 1
[2017-10-15 14:08:16.531319] [INFO]: ssl_payload_L->ssl_handshake_extensions_server_name_ind_type = 0
[2017-10-15 14:08:16.531336] [INFO]: Temporal Server: www.google.com.co
[2017-10-15 14:08:16.911237] [INFO]: ssl_payload_H->ssl_record_contentType = 22
[2017-10-15 14:08:16.911407] [INFO]: ssl_payload_H->ssl_handshake_type = 1
[2017-10-15 14:08:16.911436] [INFO]: ssl_payload_L->ssl_handshake_extensions_server_name_ind_type = 0
[2017-10-15 14:08:16.911444] [INFO]: Temporal Server: ssl.gstatic.com
[2017-10-15 14:08:17.563106] [INFO]: ssl_payload_H->ssl_record_contentType = 22
[2017-10-15 14:08:17.563165] [INFO]: ssl_payload_H->ssl_handshake_type = 1
[2017-10-15 14:08:17.563181] [INFO]: ssl_payload_L->ssl_handshake_extensions_server_name_ind_type = 0
[2017-10-15 14:08:17.563192] [INFO]: Temporal Server: www.gstatic.com
[2017-10-15 14:08:17.771094] [INFO]: ssl_payload_H->ssl_record_contentType = 22
[2017-10-15 14:08:17.771149] [INFO]: ssl_payload_H->ssl_handshake_type = 1
[2017-10-15 14:08:17.771162] [INFO]: ssl_payload_L->ssl_handshake_extensions_server_name_ind_type = 0
[2017-10-15 14:08:17.771171] [INFO]: Temporal Server: apis.google.com
[2017-10-15 14:08:17.787202] [INFO]: ssl_payload_H->ssl_record_contentType = 22
[2017-10-15 14:08:17.787292] [INFO]: ssl_payload_H->ssl_handshake_type = 1
[2017-10-15 14:08:17.787305] [INFO]: ssl_payload_L->ssl_handshake_extensions_server_name_ind_type = 0
[2017-10-15 14:08:17.787315] [INFO]: Temporal Server: www.google.com
[2017-10-15 14:08:24.503229] [INFO]: ssl_payload_H->ssl_record_contentType = 22
[2017-10-15 14:08:24.503310] [INFO]: ssl_payload_H->ssl_handshake_type = 1
[2017-10-15 14:08:24.503330] [INFO]: ssl_payload_L->ssl_handshake_extensions_server_name_ind_type = 0
[2017-10-15 14:08:24.503345] [INFO]: Temporal Server: www.xvideos.com
[2017-10-15 14:08:25.547269] [INFO]: ssl_payload_H->ssl_record_contentType = 22
[2017-10-15 14:08:25.547346] [INFO]: ssl_payload_H->ssl_handshake_type = 1
[2017-10-15 14:08:25.547371] [INFO]: ssl_payload_L->ssl_handshake_extensions_server_name_ind_type = 0
[2017-10-15 14:08:25.547399] [INFO]: Temporal Server: static-hw.xvideos.com
[2017-10-15 14:08:25.606919] [INFO]: ssl_payload_H->ssl_record_contentType = 22
[2017-10-15 14:08:25.606983] [INFO]: ssl_payload_H->ssl_handshake_type = 1
[2017-10-15 14:08:25.606996] [INFO]: ssl_payload_L->ssl_handshake_extensions_server_name_ind_type = 0
[2017-10-15 14:08:25.607006] [INFO]: Temporal Server: static-hw.xvideos.com
[2017-10-15 14:08:26.219096] [INFO]: ssl_payload_H->ssl_record_contentType = 22
[2017-10-15 14:08:26.219151] [INFO]: ssl_payload_H->ssl_handshake_type = 1
[2017-10-15 14:08:26.219163] [INFO]: ssl_payload_L->ssl_handshake_extensions_server_name_ind_type = 0
[2017-10-15 14:08:26.219172] [INFO]: Temporal Server: static-hw.xvideos.com
[2017-10-15 14:08:26.219194] [INFO]: ssl_payload_H->ssl_record_contentType = 22
[2017-10-15 14:08:26.219203] [INFO]: ssl_payload_H->ssl_handshake_type = 1
[2017-10-15 14:08:26.219212] [INFO]: ssl_payload_L->ssl_handshake_extensions_server_name_ind_type = 0
[2017-10-15 14:08:26.219220] [INFO]: Temporal Server: 
[2017-10-15 14:08:26.219247] [INFO]: ssl_payload_H->ssl_record_contentType = 22
[2017-10-15 14:08:26.219258] [INFO]: ssl_payload_H->ssl_handshake_type = 1
[2017-10-15 14:08:26.219267] [INFO]: ssl_payload_L->ssl_handshake_extensions_server_name_ind_type = 0
[2017-10-15 14:08:26.219275] [INFO]: Temporal Server: 
[2017-10-15 14:08:26.299127] [INFO]: ssl_payload_H->ssl_record_contentType = 22
[2017-10-15 14:08:26.299210] [INFO]: ssl_payload_H->ssl_handshake_type = 1
[2017-10-15 14:08:26.299230] [INFO]: ssl_payload_L->ssl_handshake_extensions_server_name_ind_type = 0
[2017-10-15 14:08:26.299241] [INFO]: Temporal Server: 
[2017-10-15 14:08:26.319100] [INFO]: ssl_payload_H->ssl_record_contentType = 22
[2017-10-15 14:08:26.319151] [INFO]: ssl_payload_H->ssl_handshake_type = 1
[2017-10-15 14:08:26.319162] [INFO]: ssl_payload_L->ssl_handshake_extensions_server_name_ind_type = 0
[2017-10-15 14:08:26.319172] [INFO]: Temporal Server: 
[2017-10-15 14:08:26.471142] [INFO]: ssl_payload_H->ssl_record_contentType = 22
[2017-10-15 14:08:26.471249] [INFO]: ssl_payload_H->ssl_handshake_type = 1
[2017-10-15 14:08:26.471260] [INFO]: ssl_payload_L->ssl_handshake_extensions_server_name_ind_type = 0
[2017-10-15 14:08:26.471268] [INFO]: Temporal Server: img-hw.xvideos.com
[2017-10-15 14:08:26.835160] [INFO]: ssl_payload_H->ssl_record_contentType = 22
[2017-10-15 14:08:26.835225] [INFO]: ssl_payload_H->ssl_handshake_type = 1
[2017-10-15 14:08:26.835240] [INFO]: ssl_payload_L->ssl_handshake_extensions_server_name_ind_type = 0
[2017-10-15 14:08:26.835250] [INFO]: Temporal Server: img-egc.xvideos-cdn.com
[2017-10-15 14:08:26.914888] [INFO]: ssl_payload_H->ssl_record_contentType = 22
[2017-10-15 14:08:26.914948] [INFO]: ssl_payload_H->ssl_handshake_type = 1
[2017-10-15 14:08:26.914966] [INFO]: ssl_payload_L->ssl_handshake_extensions_server_name_ind_type = 0
[2017-10-15 14:08:26.914980] [INFO]: Temporal Server: img-egc.xvideos-cdn.com
[2017-10-15 14:08:26.914997] [INFO]: ssl_payload_H->ssl_record_contentType = 22
[2017-10-15 14:08:26.915013] [INFO]: ssl_payload_H->ssl_handshake_type = 1
[2017-10-15 14:08:26.915028] [INFO]: ssl_payload_L->ssl_handshake_extensions_server_name_ind_type = 0
[2017-10-15 14:08:26.915043] [INFO]: Temporal Server: img-egc.xvideos-cdn.com
[2017-10-15 14:08:26.915111] [INFO]: ssl_payload_H->ssl_record_contentType = 22
[2017-10-15 14:08:26.915134] [INFO]: ssl_payload_H->ssl_handshake_type = 1
[2017-10-15 14:08:26.915149] [INFO]: ssl_payload_L->ssl_handshake_extensions_server_name_ind_type = 0
[2017-10-15 14:08:26.915162] [INFO]: Temporal Server: img-egc.xvideos-cdn.com
[2017-10-15 14:08:26.915181] [INFO]: ssl_payload_H->ssl_record_contentType = 22
[2017-10-15 14:08:26.915195] [INFO]: ssl_payload_H->ssl_handshake_type = 1
[2017-10-15 14:08:26.915210] [INFO]: ssl_payload_L->ssl_handshake_extensions_server_name_ind_type = 0
[2017-10-15 14:08:26.915222] [INFO]: Temporal Server: img-egc.xvideos-cdn.com
[2017-10-15 14:08:26.915241] [INFO]: ssl_payload_H->ssl_record_contentType = 22
[2017-10-15 14:08:26.915287] [INFO]: ssl_payload_H->ssl_handshake_type = 1
[2017-10-15 14:08:26.915311] [INFO]: ssl_payload_L->ssl_handshake_extensions_server_name_ind_type = 0
[2017-10-15 14:08:26.915326] [INFO]: Temporal Server: img-egc.xvideos-cdn.com
[2017-10-15 14:08:28.551154] [INFO]: ssl_payload_H->ssl_record_contentType = 22
[2017-10-15 14:08:28.551250] [INFO]: ssl_payload_H->ssl_handshake_type = 1
[2017-10-15 14:08:28.551263] [INFO]: ssl_payload_L->ssl_handshake_extensions_server_name_ind_type = 0
[2017-10-15 14:08:28.551274] [INFO]: Temporal Server: rpc-php.trafficfactory.biz
[2017-10-15 14:08:30.399151] [INFO]: ssl_payload_H->ssl_record_contentType = 22
[2017-10-15 14:08:30.399247] [INFO]: ssl_payload_H->ssl_handshake_type = 1
[2017-10-15 14:08:30.399282] [INFO]: ssl_payload_L->ssl_handshake_extensions_server_name_ind_type = 0
[2017-10-15 14:08:30.399318] [INFO]: Temporal Server: 
[2017-10-15 14:08:39.687196] [INFO]: ssl_payload_H->ssl_record_contentType = 22
[2017-10-15 14:08:39.687285] [INFO]: ssl_payload_H->ssl_handshake_type = 1
[2017-10-15 14:08:39.687309] [INFO]: ssl_payload_L->ssl_handshake_extensions_server_name_ind_type = 0
[2017-10-15 14:08:39.687327] [INFO]: Temporal Server: media.trafficfactory.biz
[2017-10-15 14:10:46.219142] [INFO]: ssl_payload_H->ssl_record_contentType = 22
[2017-10-15 14:10:46.219227] [INFO]: ssl_payload_H->ssl_handshake_type = 1
[2017-10-15 14:10:46.219244] [INFO]: ssl_payload_L->ssl_handshake_extensions_server_name_ind_type = 0
[2017-10-15 14:10:46.219258] [INFO]: Temporal Server: img-egc.xvideos-cdn.com
