*************************************************************************************************
*************************************************************************************************
[2017-10-01 16:15:52.685688] [INFO]: Conectando a la base de datos...
[2017-10-01 16:15:52.686124] [INFO]: La interfaz a inspeccionar es: wlan0
*************************************************************************************************
*************************************************************************************************
[2017-10-01 16:19:18.18564] [INFO]: Conectando a la base de datos...
[2017-10-01 16:19:18.18861] [INFO]: La interfaz a inspeccionar es: wlan0
[2017-10-01 16:19:18.18878] [ERROR]: Fall贸 la conexi贸n con la base de datos!
*************************************************************************************************
*************************************************************************************************
[2017-10-01 16:21:22.99316] [INFO]: Conectando a la base de datos...
[2017-10-01 16:21:22.99800] [INFO]: La interfaz a inspeccionar es: wlan0
[2017-10-01 16:21:22.99849] [ERROR]: Fall贸 la conexi贸n con la base de datos!
*************************************************************************************************
*************************************************************************************************
[2017-10-01 16:22:09.608108] [INFO]: Conectando a la base de datos...
[2017-10-01 16:22:09.932588] [INFO]: La interfaz a inspeccionar es: wlan0
[2017-10-01 16:32:05.82175] [INFO]: Memoria de enlaces limpia.
*************************************************************************************************
*************************************************************************************************
[2017-10-01 20:25:34.935520] [INFO]: Conectando a la base de datos...
[2017-10-01 20:25:34.940703] [INFO]: La interfaz a inspeccionar es: wlan0
[2017-10-01 20:30:58.497107] [INFO]: Memoria de enlaces limpia.
